{"name": "test_create_user_invalid[Maxx2-Pas!sw0]", "status": "broken", "statusDetails": {"message": "Exception: Failed to login", "trace": "self = <create_user_test.TestCreateUser object at 0x7b5e671839a0>\nusername = 'Maxx2', password = 'Pas!sw0'\napi_manager = <src.main.api.classes.api_manager.ApiManager object at 0x7b5e670c9d50>\n\n    @pytest.mark.parametrize(\n        \"username, password\",\n        [\n            (\"абв\", \"Pas!sw0rd\"),\n            (\"ab\", \"Pas!sw0rd\"),\n            (\"abv!\", \"Pas!sw0rd\"),\n            (\"Maxx1\", \"Pas!sw0rд\"),\n            (\"Maxx2\", \"Pas!sw0\"),\n            (\"Maxx3\", \"pas!sw0rd\"),\n            (\"Maxx4\", \"PAS!SW0RD\"),\n            (\"Maxx5\", \"PASSSW0RD\"),\n            (\"Maxx6\", \"PAS!SWRRD\"),\n        ]\n    )\n    def test_create_user_invalid(self, username, password, api_manager):\n        create_user_request = CreateUserRequest(username=username, password=password, role=\"ROLE_USER\")\n>       api_manager.admin_steps.create_invalid_user(create_user_request)\n\nsrc/main/api/tests/create_user_test.py:36: \n_ _ _ _ _ _ _ _ _ _ _ _ _ _ _ _ _ _ _ _ _ _ _ _ _ _ _ _ _ _ _ _ _ _ _ _ _ _ _ _ \nsrc/main/api/steps/admin_steps.py:32: in create_invalid_user\n    RequestSpecs.auth_headers(username=\"admin\", password=\"123456\"),\n_ _ _ _ _ _ _ _ _ _ _ _ _ _ _ _ _ _ _ _ _ _ _ _ _ _ _ _ _ _ _ _ _ _ _ _ _ _ _ _ \n\nusername = 'admin', password = '123456'\n\n    @staticmethod\n    def auth_headers(username: str, password: str):\n        request = LoginUserRequest(username=username, password=password)\n        response = requests.post(\n            url=Config.fetch('BACKEND_URL'),\n            json=request.model_dump(),\n            headers=RequestSpecs.base_headers()\n        )\n        if response.status_code == 200:\n            response_data = LoginUserResponse(**response.json())\n            token = response_data.token\n            headers = RequestSpecs.base_headers()\n            headers[\"Authorization\"] = f\"Bearer {token}\"\n            return headers\n>       raise Exception(\"Failed to login\")\nE       Exception: Failed to login\n\nsrc/main/api/specs/request_specs.py:29: Exception"}, "parameters": [{"name": "username", "value": "'Maxx2'"}, {"name": "password", "value": "'Pas!sw0'"}], "start": 1767340697197, "stop": 1767340697238, "uuid": "8a9cad0d-1793-484a-b81b-160e2f96859b", "historyId": "8670045f0e71ef06dc15c942f05967b6", "testCaseId": "fb98a67a684d82d084161cc63343af92", "fullName": "src.main.api.tests.create_user_test.TestCreateUser#test_create_user_invalid", "labels": [{"name": "tag", "value": "api"}, {"name": "parentSuite", "value": "src.main.api.tests"}, {"name": "suite", "value": "create_user_test"}, {"name": "subSuite", "value": "TestCreateUser"}, {"name": "host", "value": "baad85ded041"}, {"name": "thread", "value": "1-MainThread"}, {"name": "framework", "value": "pytest"}, {"name": "language", "value": "cpython3"}, {"name": "package", "value": "src.main.api.tests.create_user_test"}], "titlePath": ["src", "main", "api", "tests", "create_user_test.py", "TestCreateUser"]}